Using pre-set license
Built from '2020.2/release' branch; Version is '2020.2.1f1 (270dd8c3da1c) revision 2559448'; Using compiler version '192528614'; Build Type 'Release'
OS: 'Windows 10  (10.0.0) 64bit' Language: 'en' Physical Memory: 32697 MB
BatchMode: 1, IsHumanControllingUs: 0, StartBugReporterOnCrash: 0, Is64bit: 1, IsPro: 0

 COMMAND LINE ARGUMENTS:
C:\Program Files\Unity\Hub\Editor\2020.2.1f1\Editor\Unity.exe
-adb2
-batchMode
-noUpm
-name
AssetImportWorker0
-projectPath
C:/projects/unity-atoms-examples
-logFile
Logs/AssetImportWorker0.log
-srvPort
60219
Successfully changed project path to: C:/projects/unity-atoms-examples
C:/projects/unity-atoms-examples
Using Asset Import Pipeline V2.
Refreshing native plugins compatible for Editor in 22.98 ms, found 0 plugins.
Preloading 0 native plugins for Editor in 0.00 ms.
Initialize engine version: 2020.2.1f1 (270dd8c3da1c)
[Subsystems] Discovering subsystems at path C:/Program Files/Unity/Hub/Editor/2020.2.1f1/Editor/Data/Resources/UnitySubsystems
[Subsystems] Discovering subsystems at path C:/projects/unity-atoms-examples/Assets
GfxDevice: creating device client; threaded=0
Direct3D:
    Version:  Direct3D 11.0 [level 11.1]
    Renderer: NVIDIA GeForce RTX 3080 (ID=0x2206)
    Vendor:   
    VRAM:     10077 MB
    Driver:   27.21.14.6089
Initialize mono
Mono path[0] = 'C:/Program Files/Unity/Hub/Editor/2020.2.1f1/Editor/Data/Managed'
Mono path[1] = 'C:/Program Files/Unity/Hub/Editor/2020.2.1f1/Editor/Data/MonoBleedingEdge/lib/mono/unityjit'
Mono config path = 'C:/Program Files/Unity/Hub/Editor/2020.2.1f1/Editor/Data/MonoBleedingEdge/etc'
Using monoOptions --debugger-agent=transport=dt_socket,embedding=1,server=y,suspend=n,address=127.0.0.1:56036
Begin MonoManager ReloadAssembly
Registering precompiled unity dll's ...
Register platform support module: C:/Program Files/Unity/Hub/Editor/2020.2.1f1/Editor/Data/PlaybackEngines/WindowsStandaloneSupport/UnityEditor.WindowsStandalone.Extensions.dll
Registered in 0.001693 seconds.
Native extension for WindowsStandalone target not found
Refreshing native plugins compatible for Editor in 23.76 ms, found 0 plugins.
Preloading 0 native plugins for Editor in 0.00 ms.
Invoked RoslynAnalysisRunner static constructor.
RoslynAnalysisRunner will not be running.
RoslynAnalysisRunner has terminated.
Mono: successfully reloaded assembly
- Completed reload, in  1.948 seconds
Platform modules already initialized, skipping
Registering precompiled user dll's ...
Registered in 0.000644 seconds.
Begin MonoManager ReloadAssembly
Native extension for WindowsStandalone target not found
Refreshing native plugins compatible for Editor in 0.23 ms, found 0 plugins.
Preloading 0 native plugins for Editor in 0.00 ms.
Invoked RoslynAnalysisRunner static constructor.
RoslynAnalysisRunner will not be running.
RoslynAnalysisRunner has terminated.
Mono: successfully reloaded assembly
- Completed reload, in  0.816 seconds
Platform modules already initialized, skipping
========================================================================
Worker process is ready to serve import requests
Launched and connected shader compiler UnityShaderCompiler.exe after 0.05 seconds
Refreshing native plugins compatible for Editor in 0.23 ms, found 0 plugins.
Preloading 0 native plugins for Editor in 0.00 ms.
Unloading 1705 Unused Serialized files (Serialized files now loaded: 0)
System memory in use before: 69.0 MB.
System memory in use after: 69.1 MB.

Unloading 14 unused Assets to reduce memory usage. Loaded Objects now: 2146.
Total: 1.455000 ms (FindLiveObjects: 0.149200 ms CreateObjectMapping: 0.059100 ms MarkObjects: 1.205600 ms  DeleteObjects: 0.040400 ms)

========================================================================
Received Import Request.
  path: Assets/Intro/Intro.unity
  artifactKey: Guid(5975690ceb19c40728375ab924af0fbe) Importer(815301076,1909f56bfc062723c751e8b465ee728b)
Start importing Assets/Intro/Intro.unity using Guid(5975690ceb19c40728375ab924af0fbe) Importer(815301076,1909f56bfc062723c751e8b465ee728b)  -> (artifact id: '14e42da70bca6bd3c91948753b61cfc7') in 0.013950 seconds
  Import took 0.016287 seconds .

========================================================================
Received Import Request.
  Time since last request: 0.010258 seconds.
  path: Assets/Intro/Intro.unity
  artifactKey: Guid(5975690ceb19c40728375ab924af0fbe) Importer(815301076,1909f56bfc062723c751e8b465ee728b)
Start importing Assets/Intro/Intro.unity using Guid(5975690ceb19c40728375ab924af0fbe) Importer(815301076,1909f56bfc062723c751e8b465ee728b)  -> (artifact id: '14e42da70bca6bd3c91948753b61cfc7') in 0.003207 seconds
  Import took 0.005672 seconds .

========================================================================
Received Prepare
Registering precompiled user dll's ...
Registered in 0.000642 seconds.
Begin MonoManager ReloadAssembly
Native extension for WindowsStandalone target not found
Refreshing native plugins compatible for Editor in 0.23 ms, found 0 plugins.
Preloading 0 native plugins for Editor in 0.00 ms.
Invoked RoslynAnalysisRunner static constructor.
RoslynAnalysisRunner will not be running.
RoslynAnalysisRunner has terminated.
Mono: successfully reloaded assembly
- Completed reload, in  0.738 seconds
Platform modules already initialized, skipping
Refreshing native plugins compatible for Editor in 0.22 ms, found 0 plugins.
Preloading 0 native plugins for Editor in 0.00 ms.
Unloading 1700 Unused Serialized files (Serialized files now loaded: 0)
System memory in use before: 69.0 MB.
System memory in use after: 69.1 MB.

Unloading 5 unused Assets to reduce memory usage. Loaded Objects now: 2148.
Total: 1.504400 ms (FindLiveObjects: 0.164400 ms CreateObjectMapping: 0.060700 ms MarkObjects: 1.260900 ms  DeleteObjects: 0.017400 ms)

========================================================================
Received Import Request.
  Time since last request: 108.892019 seconds.
  path: Packages/com.unity-atoms.unity-atoms-base-atoms/package.json
  artifactKey: Guid(49f0ff90b9f4b408db8116b8d98ffece) Importer(815301076,1909f56bfc062723c751e8b465ee728b)
Start importing Packages/com.unity-atoms.unity-atoms-base-atoms/package.json using Guid(49f0ff90b9f4b408db8116b8d98ffece) Importer(815301076,1909f56bfc062723c751e8b465ee728b)  -> (artifact id: '5b973e4db93a9390e909f8ea9aca1c58') in 0.033836 seconds
  Import took 0.036743 seconds .

========================================================================
Received Import Request.
  Time since last request: 3.197194 seconds.
  path: Packages/com.unity-atoms.unity-atoms-base-atoms/Editor/UnityAtoms.UnityAtomsBaseAtoms.Editor.asmdef
  artifactKey: Guid(598750ec792e4472396f5fbc092caa65) Importer(815301076,1909f56bfc062723c751e8b465ee728b)
Start importing Packages/com.unity-atoms.unity-atoms-base-atoms/Editor/UnityAtoms.UnityAtomsBaseAtoms.Editor.asmdef using Guid(598750ec792e4472396f5fbc092caa65) Importer(815301076,1909f56bfc062723c751e8b465ee728b)  -> (artifact id: '3b3bd8e860775789ccf1952b9202c3db') in 0.007706 seconds
  Import took 0.010010 seconds .

========================================================================
Received Prepare
Registering precompiled user dll's ...
Registered in 0.000680 seconds.
Begin MonoManager ReloadAssembly
Native extension for WindowsStandalone target not found
Refreshing native plugins compatible for Editor in 0.23 ms, found 0 plugins.
Preloading 0 native plugins for Editor in 0.00 ms.
Invoked RoslynAnalysisRunner static constructor.
RoslynAnalysisRunner will not be running.
RoslynAnalysisRunner has terminated.
Mono: successfully reloaded assembly
- Completed reload, in  0.717 seconds
Platform modules already initialized, skipping
Refreshing native plugins compatible for Editor in 0.21 ms, found 0 plugins.
Preloading 0 native plugins for Editor in 0.00 ms.
Unloading 1700 Unused Serialized files (Serialized files now loaded: 0)
System memory in use before: 69.1 MB.
System memory in use after: 69.2 MB.

Unloading 5 unused Assets to reduce memory usage. Loaded Objects now: 2150.
Total: 1.485600 ms (FindLiveObjects: 0.149400 ms CreateObjectMapping: 0.053400 ms MarkObjects: 1.268500 ms  DeleteObjects: 0.013200 ms)

AssetImportWorkerClient::OnTransportError - code=2 error=End of file
